\BOOKMARK [0][-]{chapter.1}{Introduction}{}% 1
\BOOKMARK [0][-]{chapter.2}{Planification}{}% 2
\BOOKMARK [0][-]{chapter.3}{Conventions}{}% 3
\BOOKMARK [0][-]{chapter.4}{LibGDX}{}% 4
\BOOKMARK [0][-]{chapter.5}{Kryonet}{}% 5
\BOOKMARK [0][-]{chapter.6}{Architecture logicielle}{}% 6
\BOOKMARK [1][-]{section.6.1}{Diagramme de classe}{chapter.6}% 7
\BOOKMARK [0][-]{chapter.7}{Communication r\351seau}{}% 8
\BOOKMARK [1][-]{section.7.1}{Les packets}{chapter.7}% 9
\BOOKMARK [1][-]{section.7.2}{Initialisation de la connexion}{chapter.7}% 10
\BOOKMARK [1][-]{section.7.3}{Communication en jeu}{chapter.7}% 11
\BOOKMARK [0][-]{chapter.8}{Minis jeux}{}% 12
\BOOKMARK [1][-]{section.8.1}{Morpion}{chapter.8}% 13
\BOOKMARK [2][-]{subsection.8.1.1}{Description}{section.8.1}% 14
\BOOKMARK [2][-]{subsection.8.1.2}{Impl\351mentation}{section.8.1}% 15
\BOOKMARK [1][-]{section.8.2}{Bataille navale}{chapter.8}% 16
\BOOKMARK [0][-]{chapter.9}{Identit\351 graphique}{}% 17
\BOOKMARK [1][-]{section.9.1}{Interface}{chapter.9}% 18
\BOOKMARK [0][-]{chapter.10}{Tests}{}% 19
\BOOKMARK [1][-]{section.10.1}{Client}{chapter.10}% 20
\BOOKMARK [2][-]{subsection.10.1.1}{Login}{section.10.1}% 21
\BOOKMARK [2][-]{subsection.10.1.2}{Menu des minis jeux}{section.10.1}% 22
\BOOKMARK [2][-]{subsection.10.1.3}{Morpion}{section.10.1}% 23
\BOOKMARK [2][-]{subsection.10.1.4}{Bataille navale}{section.10.1}% 24
\BOOKMARK [1][-]{section.10.2}{Serveur}{chapter.10}% 25
\BOOKMARK [2][-]{subsection.10.2.1}{Initialisation}{section.10.2}% 26
\BOOKMARK [2][-]{subsection.10.2.2}{Morpion}{section.10.2}% 27
\BOOKMARK [2][-]{subsection.10.2.3}{Bataille navale}{section.10.2}% 28
\BOOKMARK [0][-]{chapter.11}{Problematique}{}% 29
\BOOKMARK [0][-]{chapter.12}{Am\351liorations}{}% 30
\BOOKMARK [0][-]{chapter.13}{Conclusion}{}% 31
\BOOKMARK [0][-]{chapter.14}{Bibliographie}{}% 32
